Using pre-set license

 COMMAND LINE ARGUMENTS:
/Applications/Unity/Hub/Editor/2020.3.0f1/Unity.app/Contents/MacOS/Unity
-adb2
-batchMode
-noUpm
-name
AssetImportWorker0
-projectPath
/Users/georgewu/Unity/AR-sandbox
-logFile
Logs/AssetImportWorker0.log
-srvPort
49327
Successfully changed project path to: /Users/georgewu/Unity/AR-sandbox
/Users/georgewu/Unity/AR-sandbox
Using Asset Import Pipeline V2.
Refreshing native plugins compatible for Editor in 32.81 ms, found 1 plugins.
Preloading 0 native plugins for Editor in 0.00 ms.
Initialize engine version: 2020.3.0f1 (c7b5465681fb)
[Subsystems] Discovering subsystems at path /Applications/Unity/Hub/Editor/2020.3.0f1/Unity.app/Contents/Resources/UnitySubsystems
[Subsystems] Discovering subsystems at path /Users/georgewu/Unity/AR-sandbox/Assets
GfxDevice: creating device client; threaded=0
2021-04-05 12:27:43.914 Unity[2938:3320683] Color LCD preferred device: AMD Radeon Pro 5300M (high power)
2021-04-05 12:27:43.914 Unity[2938:3320683] Metal devices available: 2
2021-04-05 12:27:43.914 Unity[2938:3320683] 0: AMD Radeon Pro 5300M (high power)
2021-04-05 12:27:43.914 Unity[2938:3320683] 1: Intel(R) UHD Graphics 630 (low power)
2021-04-05 12:27:43.914 Unity[2938:3320683] Using device AMD Radeon Pro 5300M (high power)
Initializing Metal device caps: AMD Radeon Pro 5300M
Initialize mono
Mono path[0] = '/Applications/Unity/Hub/Editor/2020.3.0f1/Unity.app/Contents/Managed'
Mono path[1] = '/Applications/Unity/Hub/Editor/2020.3.0f1/Unity.app/Contents/MonoBleedingEdge/lib/mono/unityjit'
Mono config path = '/Applications/Unity/Hub/Editor/2020.3.0f1/Unity.app/Contents/MonoBleedingEdge/etc'
Using monoOptions --debugger-agent=transport=dt_socket,embedding=1,server=y,suspend=n,address=127.0.0.1:56938
Begin MonoManager ReloadAssembly
Registering precompiled unity dll's ...
Register platform support module: /Applications/Unity/Hub/Editor/2020.3.0f1/Unity.app/Contents/PlaybackEngines/MacStandaloneSupport/UnityEditor.OSXStandalone.Extensions.dll
Registered in 0.002107 seconds.
Native extension for OSXStandalone target not found
Refreshing native plugins compatible for Editor in 24.65 ms, found 1 plugins.
Preloading 0 native plugins for Editor in 0.00 ms.
Invoked RoslynAnalysisRunner static constructor.
RoslynAnalysisRunner will not be running.
RoslynAnalysisRunner has terminated.
Mono: successfully reloaded assembly
- Completed reload, in  3.296 seconds
Platform modules already initialized, skipping
Registering precompiled user dll's ...
Registered in 0.000855 seconds.
Begin MonoManager ReloadAssembly
Native extension for OSXStandalone target not found
Refreshing native plugins compatible for Editor in 23.25 ms, found 1 plugins.
Preloading 0 native plugins for Editor in 0.00 ms.
Invoked RoslynAnalysisRunner static constructor.
RoslynAnalysisRunner will not be running.
RoslynAnalysisRunner has terminated.
Mono: successfully reloaded assembly
- Completed reload, in  1.025 seconds
Platform modules already initialized, skipping
========================================================================
Worker process is ready to serve import requests
Launching external process: /Applications/Unity/Hub/Editor/2020.3.0f1/Unity.app/Contents/Tools/UnityShaderCompiler
Launched and connected shader compiler UnityShaderCompiler after 0.01 seconds
Refreshing native plugins compatible for Editor in 0.34 ms, found 1 plugins.
Preloading 0 native plugins for Editor in 0.00 ms.
Unloading 1514 Unused Serialized files (Serialized files now loaded: 0)
System memory in use before: 126.6 MB.
System memory in use after: 126.7 MB.

Unloading 12 unused Assets to reduce memory usage. Loaded Objects now: 1955.
Total: 2.448984 ms (FindLiveObjects: 0.220088 ms CreateObjectMapping: 0.049567 ms MarkObjects: 2.081237 ms  DeleteObjects: 0.096862 ms)

========================================================================
Received Import Request.
  path: Assets/Plugins
  artifactKey: Guid(0c812c8898974438a9ce31e6dd0c2c19) Importer(815301076,1909f56bfc062723c751e8b465ee728b)
Start importing Assets/Plugins using Guid(0c812c8898974438a9ce31e6dd0c2c19) Importer(815301076,1909f56bfc062723c751e8b465ee728b)  -> (artifact id: '39af5638535ee81f0016fd0368b4e16c') in 0.004180 seconds
  Import took 0.007198 seconds .

========================================================================
Received Import Request.
  Time since last request: 0.000235 seconds.
  path: Assets/Plugins/Android/mainTemplate.gradle
  artifactKey: Guid(005ff9a9eb84142d78fe671ff2951586) Importer(815301076,1909f56bfc062723c751e8b465ee728b)
Start importing Assets/Plugins/Android/mainTemplate.gradle using Guid(005ff9a9eb84142d78fe671ff2951586) Importer(815301076,1909f56bfc062723c751e8b465ee728b)  -> (artifact id: 'b53acf496ea17d87538404780945a928') in 0.520621 seconds
  Import took 0.525089 seconds .

========================================================================
Received Prepare
Registering precompiled user dll's ...
Registered in 0.001135 seconds.
Begin MonoManager ReloadAssembly
Native extension for OSXStandalone target not found
Refreshing native plugins compatible for Editor in 0.28 ms, found 1 plugins.
Preloading 0 native plugins for Editor in 0.00 ms.
Invoked RoslynAnalysisRunner static constructor.
RoslynAnalysisRunner will not be running.
RoslynAnalysisRunner has terminated.
Mono: successfully reloaded assembly
- Completed reload, in  0.994 seconds
Platform modules already initialized, skipping
Switching build target platform(2) subTarget(0) extendedPlatform(0) -> platform(9) subTarget(16777218) extendedPlatform(0)
Refreshing native plugins compatible for Editor in 0.31 ms, found 1 plugins.
Preloading 0 native plugins for Editor in 0.00 ms.
Unloading 1505 Unused Serialized files (Serialized files now loaded: 0)
System memory in use before: 130.4 MB.
System memory in use after: 130.5 MB.

Unloading 7 unused Assets to reduce memory usage. Loaded Objects now: 1959.
Total: 1.918253 ms (FindLiveObjects: 0.187706 ms CreateObjectMapping: 0.053957 ms MarkObjects: 1.623774 ms  DeleteObjects: 0.051803 ms)

AssetImportParameters requested are different than current active one (requested -> active):
  custom:graphics/normal-map-encoding: 01000000000000000000000000000000 -> 02000000000000000000000000000000
========================================================================
Received Prepare
Refreshing native plugins compatible for Editor in 0.63 ms, found 1 plugins.
Preloading 0 native plugins for Editor in 0.00 ms.
Unloading 4 Unused Serialized files (Serialized files now loaded: 0)
System memory in use before: 100.7 MB.
System memory in use after: 100.8 MB.

Unloading 4 unused Assets to reduce memory usage. Loaded Objects now: 1959.
Total: 1.762894 ms (FindLiveObjects: 0.178667 ms CreateObjectMapping: 0.073492 ms MarkObjects: 1.449134 ms  DeleteObjects: 0.060385 ms)

========================================================================
Received Prepare
Refreshing native plugins compatible for Editor in 1.08 ms, found 1 plugins.
Preloading 0 native plugins for Editor in 0.00 ms.
Unloading 4 Unused Serialized files (Serialized files now loaded: 0)
System memory in use before: 100.7 MB.
System memory in use after: 100.8 MB.

Unloading 4 unused Assets to reduce memory usage. Loaded Objects now: 1959.
Total: 1.891109 ms (FindLiveObjects: 0.154504 ms CreateObjectMapping: 0.044761 ms MarkObjects: 1.638272 ms  DeleteObjects: 0.052580 ms)

========================================================================
Received Prepare
Refreshing native plugins compatible for Editor in 1.49 ms, found 1 plugins.
Preloading 0 native plugins for Editor in 0.00 ms.
Unloading 4 Unused Serialized files (Serialized files now loaded: 0)
System memory in use before: 100.7 MB.
System memory in use after: 100.8 MB.

Unloading 4 unused Assets to reduce memory usage. Loaded Objects now: 1959.
Total: 33.771761 ms (FindLiveObjects: 0.905534 ms CreateObjectMapping: 0.174803 ms MarkObjects: 32.488034 ms  DeleteObjects: 0.201156 ms)

========================================================================
Received Import Request.
  Time since last request: 3958.975643 seconds.
  path: Assets/AssetStore/RobotSphere
  artifactKey: Guid(6d5741a4650ca434d8b79ea9295ed829) Importer(815301076,1909f56bfc062723c751e8b465ee728b)
Start importing Assets/AssetStore/RobotSphere using Guid(6d5741a4650ca434d8b79ea9295ed829) Importer(815301076,1909f56bfc062723c751e8b465ee728b)  -> (artifact id: '9481161e0b2f97feb7758c796713bba0') in 0.054570 seconds
  Import took 0.066910 seconds .

========================================================================
Received Import Request.
  Time since last request: 1.508522 seconds.
  path: Assets/AssetStore/RobotSphere/Assets
  artifactKey: Guid(30d1cdc1b09d1f34aa54c83d0b69f316) Importer(815301076,1909f56bfc062723c751e8b465ee728b)
Start importing Assets/AssetStore/RobotSphere/Assets using Guid(30d1cdc1b09d1f34aa54c83d0b69f316) Importer(815301076,1909f56bfc062723c751e8b465ee728b)  -> (artifact id: '14f916fbb25a00ec24591af61500a391') in 0.001075 seconds
  Import took 0.005632 seconds .

========================================================================
Received Import Request.
  Time since last request: 0.000369 seconds.
  path: Assets/AssetStore/RobotSphere/Assets
  artifactKey: Guid(30d1cdc1b09d1f34aa54c83d0b69f316) Importer(815301076,1909f56bfc062723c751e8b465ee728b)
Start importing Assets/AssetStore/RobotSphere/Assets using Guid(30d1cdc1b09d1f34aa54c83d0b69f316) Importer(815301076,1909f56bfc062723c751e8b465ee728b)  -> (artifact id: '14f916fbb25a00ec24591af61500a391') in 0.001234 seconds
  Import took 0.005084 seconds .

========================================================================
Received Import Request.
  Time since last request: 2.725579 seconds.
  path: Assets/AssetStore/RobotSphere/Assets/Prefab
  artifactKey: Guid(8e584c9121988de4db40c04a964b213e) Importer(815301076,1909f56bfc062723c751e8b465ee728b)
Start importing Assets/AssetStore/RobotSphere/Assets/Prefab using Guid(8e584c9121988de4db40c04a964b213e) Importer(815301076,1909f56bfc062723c751e8b465ee728b)  -> (artifact id: 'ab8297f71f0bd4afbdfc4a984e2d4432') in 0.000935 seconds
  Import took 0.003731 seconds .

========================================================================
Received Import Request.
  Time since last request: 0.057847 seconds.
  path: Assets/AssetStore/RobotSphere/Assets/Prefab/robotSphere.prefab
  artifactKey: Guid(8e0f285c21cdcf14e8d5c06c57ba936b) Importer(815301076,1909f56bfc062723c751e8b465ee728b)
Start importing Assets/AssetStore/RobotSphere/Assets/Prefab/robotSphere.prefab using Guid(8e0f285c21cdcf14e8d5c06c57ba936b) Importer(815301076,1909f56bfc062723c751e8b465ee728b)  -> (artifact id: '05e793aef7481feb5dbce794f36cfcee') in 3.433727 seconds
  Import took 3.439967 seconds .

========================================================================
Received Import Request.
  Time since last request: 0.000187 seconds.
  path: Assets/AssetStore/RobotSphere/Assets/Prefab/RobotTouchSphere.prefab
  artifactKey: Guid(4f8660b045afc1644a4a8de8e78e8d25) Importer(815301076,1909f56bfc062723c751e8b465ee728b)
Start importing Assets/AssetStore/RobotSphere/Assets/Prefab/RobotTouchSphere.prefab using Guid(4f8660b045afc1644a4a8de8e78e8d25) Importer(815301076,1909f56bfc062723c751e8b465ee728b)  -> (artifact id: 'feb4c536c6938c5b619f4a6ea77e76c0') in 0.310299 seconds
  Import took 0.314654 seconds .

========================================================================
Received Prepare
Refreshing native plugins compatible for Editor in 0.82 ms, found 1 plugins.
Preloading 0 native plugins for Editor in 0.00 ms.
Unloading 4 Unused Serialized files (Serialized files now loaded: 0)
System memory in use before: 110.6 MB.
System memory in use after: 110.7 MB.

Unloading 4 unused Assets to reduce memory usage. Loaded Objects now: 1967.
Total: 3.051380 ms (FindLiveObjects: 0.255529 ms CreateObjectMapping: 0.071287 ms MarkObjects: 2.658404 ms  DeleteObjects: 0.064644 ms)

========================================================================
Received Import Request.
  Time since last request: 233.214718 seconds.
  path: Assets/AssetStore/RobotSphere/Assets/Scripts/RobotAnimController.cs
  artifactKey: Guid(96846263ab5368f4a971044b060997b9) Importer(815301076,1909f56bfc062723c751e8b465ee728b)
Start importing Assets/AssetStore/RobotSphere/Assets/Scripts/RobotAnimController.cs using Guid(96846263ab5368f4a971044b060997b9) Importer(815301076,1909f56bfc062723c751e8b465ee728b)  -> (artifact id: '9c6ba698191a569f3879d79b31333b15') in 0.424379 seconds
  Import took 0.428343 seconds .

========================================================================
Received Import Request.
  Time since last request: 11.068121 seconds.
  path: Assets/AssetStore/RobotSphere/Assets/Scripts/RobotFreeAnim.cs
  artifactKey: Guid(cdfe52ad0699f7842b1bd6f40aadd01e) Importer(815301076,1909f56bfc062723c751e8b465ee728b)
Start importing Assets/AssetStore/RobotSphere/Assets/Scripts/RobotFreeAnim.cs using Guid(cdfe52ad0699f7842b1bd6f40aadd01e) Importer(815301076,1909f56bfc062723c751e8b465ee728b)  -> (artifact id: '6feae33060b164987a0cf5841cb7f892') in 0.035845 seconds
  Import took 0.040683 seconds .

========================================================================
Received Import Request.
  Time since last request: 100.897244 seconds.
  path: Assets/Prefab/ARPlane.prefab
  artifactKey: Guid(f3f6114ec4fbc4df49427cc761212d75) Importer(815301076,1909f56bfc062723c751e8b465ee728b)
Start importing Assets/Prefab/ARPlane.prefab using Guid(f3f6114ec4fbc4df49427cc761212d75) Importer(815301076,1909f56bfc062723c751e8b465ee728b)  -> (artifact id: 'c5e16450501b08d979813d6217e8ff2d') in 0.027537 seconds
  Import took 0.031479 seconds .

========================================================================
Received Import Request.
  Time since last request: 11.295929 seconds.
  path: Assets/Prefab/ARPlane.prefab
  artifactKey: Guid(f3f6114ec4fbc4df49427cc761212d75) Importer(815301076,1909f56bfc062723c751e8b465ee728b)
Start importing Assets/Prefab/ARPlane.prefab using Guid(f3f6114ec4fbc4df49427cc761212d75) Importer(815301076,1909f56bfc062723c751e8b465ee728b)  -> (artifact id: 'e9b2d90fb328a837a4df48663f500ae6') in 0.008922 seconds
  Import took 0.012681 seconds .

========================================================================
Received Import Request.
  Time since last request: 0.003390 seconds.
  path: Assets/Prefab/ARPlane.prefab
  artifactKey: Guid(f3f6114ec4fbc4df49427cc761212d75) Importer(815301076,1909f56bfc062723c751e8b465ee728b)
Start importing Assets/Prefab/ARPlane.prefab using Guid(f3f6114ec4fbc4df49427cc761212d75) Importer(815301076,1909f56bfc062723c751e8b465ee728b)  -> (artifact id: 'e9b2d90fb328a837a4df48663f500ae6') in 0.006744 seconds
  Import took 0.009610 seconds .

========================================================================
Received Import Request.
  Time since last request: 48.263796 seconds.
  path: Assets/Prefab/ARPlane.prefab
  artifactKey: Guid(f3f6114ec4fbc4df49427cc761212d75) Importer(815301076,1909f56bfc062723c751e8b465ee728b)
Start importing Assets/Prefab/ARPlane.prefab using Guid(f3f6114ec4fbc4df49427cc761212d75) Importer(815301076,1909f56bfc062723c751e8b465ee728b)  -> (artifact id: '23ac221af57cd8d2b5e8fe53cee51892') in 0.007868 seconds
  Import took 0.011504 seconds .

========================================================================
Received Import Request.
  Time since last request: 0.003897 seconds.
  path: Assets/Prefab/ARPlane.prefab
  artifactKey: Guid(f3f6114ec4fbc4df49427cc761212d75) Importer(815301076,1909f56bfc062723c751e8b465ee728b)
Start importing Assets/Prefab/ARPlane.prefab using Guid(f3f6114ec4fbc4df49427cc761212d75) Importer(815301076,1909f56bfc062723c751e8b465ee728b)  -> (artifact id: '23ac221af57cd8d2b5e8fe53cee51892') in 0.007122 seconds
  Import took 0.011163 seconds .

========================================================================
Received Import Request.
  Time since last request: 2.354359 seconds.
  path: Assets/Prefab/ARPlane.prefab
  artifactKey: Guid(f3f6114ec4fbc4df49427cc761212d75) Importer(815301076,1909f56bfc062723c751e8b465ee728b)
Start importing Assets/Prefab/ARPlane.prefab using Guid(f3f6114ec4fbc4df49427cc761212d75) Importer(815301076,1909f56bfc062723c751e8b465ee728b)  -> (artifact id: '8a5118b39abafb2d72422287780d5951') in 0.006309 seconds
  Import took 0.009822 seconds .

========================================================================
Received Import Request.
  Time since last request: 0.002689 seconds.
  path: Assets/Prefab/ARPlane.prefab
  artifactKey: Guid(f3f6114ec4fbc4df49427cc761212d75) Importer(815301076,1909f56bfc062723c751e8b465ee728b)
Start importing Assets/Prefab/ARPlane.prefab using Guid(f3f6114ec4fbc4df49427cc761212d75) Importer(815301076,1909f56bfc062723c751e8b465ee728b)  -> (artifact id: '8a5118b39abafb2d72422287780d5951') in 0.006095 seconds
  Import took 0.008832 seconds .

========================================================================
Received Import Request.
  Time since last request: 2.890205 seconds.
  path: Assets/Prefab/ARPlane.prefab
  artifactKey: Guid(f3f6114ec4fbc4df49427cc761212d75) Importer(815301076,1909f56bfc062723c751e8b465ee728b)
Start importing Assets/Prefab/ARPlane.prefab using Guid(f3f6114ec4fbc4df49427cc761212d75) Importer(815301076,1909f56bfc062723c751e8b465ee728b)  -> (artifact id: '4f96296de2d101489b9779027de28bd6') in 0.008883 seconds
  Import took 0.012887 seconds .

========================================================================
Received Import Request.
  Time since last request: 0.008018 seconds.
  path: Assets/Prefab/ARPlane.prefab
  artifactKey: Guid(f3f6114ec4fbc4df49427cc761212d75) Importer(815301076,1909f56bfc062723c751e8b465ee728b)
Start importing Assets/Prefab/ARPlane.prefab using Guid(f3f6114ec4fbc4df49427cc761212d75) Importer(815301076,1909f56bfc062723c751e8b465ee728b)  -> (artifact id: '4f96296de2d101489b9779027de28bd6') in 0.006052 seconds
  Import took 0.009476 seconds .

========================================================================
Received Import Request.
  Time since last request: 4.378105 seconds.
  path: Assets/Prefab/ARPlane.prefab
  artifactKey: Guid(f3f6114ec4fbc4df49427cc761212d75) Importer(815301076,1909f56bfc062723c751e8b465ee728b)
Start importing Assets/Prefab/ARPlane.prefab using Guid(f3f6114ec4fbc4df49427cc761212d75) Importer(815301076,1909f56bfc062723c751e8b465ee728b)  -> (artifact id: '17829eb09358de0203e3249e94f38982') in 0.006776 seconds
  Import took 0.010009 seconds .

========================================================================
Received Import Request.
  Time since last request: 0.003725 seconds.
  path: Assets/Prefab/ARPlane.prefab
  artifactKey: Guid(f3f6114ec4fbc4df49427cc761212d75) Importer(815301076,1909f56bfc062723c751e8b465ee728b)
Start importing Assets/Prefab/ARPlane.prefab using Guid(f3f6114ec4fbc4df49427cc761212d75) Importer(815301076,1909f56bfc062723c751e8b465ee728b)  -> (artifact id: '17829eb09358de0203e3249e94f38982') in 0.006470 seconds
  Import took 0.009893 seconds .

========================================================================
Received Import Request.
  Time since last request: 29.800932 seconds.
  path: Assets/Materials/TransparentPlane.mat
  artifactKey: Guid(7fb124584e4f84683a79ad468e4e04d8) Importer(815301076,1909f56bfc062723c751e8b465ee728b)
Start importing Assets/Materials/TransparentPlane.mat using Guid(7fb124584e4f84683a79ad468e4e04d8) Importer(815301076,1909f56bfc062723c751e8b465ee728b)  -> (artifact id: 'd7e8798c4839c76c72246131a974cd64') in 0.746379 seconds
  Import took 0.750760 seconds .

========================================================================
Received Prepare
Refreshing native plugins compatible for Editor in 0.74 ms, found 1 plugins.
Preloading 0 native plugins for Editor in 0.00 ms.
Unloading 4 Unused Serialized files (Serialized files now loaded: 0)
System memory in use before: 120.0 MB.
System memory in use after: 120.1 MB.

Unloading 4 unused Assets to reduce memory usage. Loaded Objects now: 2000.
Total: 2.972511 ms (FindLiveObjects: 0.222517 ms CreateObjectMapping: 0.062284 ms MarkObjects: 2.624442 ms  DeleteObjects: 0.061688 ms)

========================================================================
Received Import Request.
  Time since last request: 18855.643954 seconds.
  path: Assets/AssetStore/RobotSphere/Assets/AR Images
  artifactKey: Guid(a5fa47361c2dd4ad59eab7a2d32e3c1a) Importer(815301076,1909f56bfc062723c751e8b465ee728b)
Start importing Assets/AssetStore/RobotSphere/Assets/AR Images using Guid(a5fa47361c2dd4ad59eab7a2d32e3c1a) Importer(815301076,1909f56bfc062723c751e8b465ee728b)  -> (artifact id: '3cce97cda0cfc101515a3b589ad08975') in 0.004183 seconds
  Import took 0.025052 seconds .

========================================================================
Received Import Request.
  Time since last request: 17.038283 seconds.
  path: Assets/AssetStore/RobotSphere/Assets/AR Images/tokyo-target.jpg
  artifactKey: Guid(f14b724283af74974ac339e32b65f935) Importer(815301076,1909f56bfc062723c751e8b465ee728b)
Start importing Assets/AssetStore/RobotSphere/Assets/AR Images/tokyo-target.jpg using Guid(f14b724283af74974ac339e32b65f935) Importer(815301076,1909f56bfc062723c751e8b465ee728b)  -> (artifact id: '7e3efdf855ab666415073f8f573c0608') in 1.522934 seconds
  Import took 1.526533 seconds .

========================================================================
Received Import Request.
  Time since last request: 110.796428 seconds.
  path: Assets/AssetStore/RobotSphere/Assets/AR Images/tiny-habits.jpeg
  artifactKey: Guid(43144dd73b8c441e0b9dbfef1e689810) Importer(815301076,1909f56bfc062723c751e8b465ee728b)
Start importing Assets/AssetStore/RobotSphere/Assets/AR Images/tiny-habits.jpeg using Guid(43144dd73b8c441e0b9dbfef1e689810) Importer(815301076,1909f56bfc062723c751e8b465ee728b)  -> (artifact id: '3d150b12b7603bf214cebcaa717fb4c2') in 1.307191 seconds
  Import took 1.310307 seconds .

========================================================================
Received Import Request.
  Time since last request: 7.882909 seconds.
  path: Assets/AssetStore/RobotSphere/Assets/ARImages
  artifactKey: Guid(a5fa47361c2dd4ad59eab7a2d32e3c1a) Importer(815301076,1909f56bfc062723c751e8b465ee728b)
Start importing Assets/AssetStore/RobotSphere/Assets/ARImages using Guid(a5fa47361c2dd4ad59eab7a2d32e3c1a) Importer(815301076,1909f56bfc062723c751e8b465ee728b)  -> (artifact id: 'b939d6cbb105ebe6b53fab3ab3c60606') in 0.001547 seconds
  Import took 0.005194 seconds .

========================================================================
Received Import Request.
  Time since last request: 215.529127 seconds.
  path: Assets/AssetStore/RobotSphere/Assets/ARImages/ReferenceImageLibrary.asset
  artifactKey: Guid(4b01ed32b79544bf9add3237b3bf325f) Importer(815301076,1909f56bfc062723c751e8b465ee728b)
Start importing Assets/AssetStore/RobotSphere/Assets/ARImages/ReferenceImageLibrary.asset using Guid(4b01ed32b79544bf9add3237b3bf325f) Importer(815301076,1909f56bfc062723c751e8b465ee728b)  -> (artifact id: '12dda32e607c8ab95a7590e046f42231') in 0.274750 seconds
  Import took 0.278150 seconds .

========================================================================
Received Import Request.
  Time since last request: 329.904362 seconds.
  path: Assets/AssetStore/RobotSphere/Assets/ARImages/ReferenceImageLibrary.asset
  artifactKey: Guid(4b01ed32b79544bf9add3237b3bf325f) Importer(815301076,1909f56bfc062723c751e8b465ee728b)
Start importing Assets/AssetStore/RobotSphere/Assets/ARImages/ReferenceImageLibrary.asset using Guid(4b01ed32b79544bf9add3237b3bf325f) Importer(815301076,1909f56bfc062723c751e8b465ee728b)  -> (artifact id: '04f1e7a195a770ee5c4c3120a8241871') in 0.010234 seconds
  Import took 0.015605 seconds .

========================================================================
Received Import Request.
  Time since last request: 62.660330 seconds.
  path: Assets/CanonTower/Prefabs
  artifactKey: Guid(2c1dd667115459a449cc58575cdbcf87) Importer(815301076,1909f56bfc062723c751e8b465ee728b)
Start importing Assets/CanonTower/Prefabs using Guid(2c1dd667115459a449cc58575cdbcf87) Importer(815301076,1909f56bfc062723c751e8b465ee728b)  -> (artifact id: 'acbbc636ec1b55ddf59bbb9aceeae2ac') in 0.001058 seconds
  Import took 0.004502 seconds .

========================================================================
Received Import Request.
  Time since last request: 0.000847 seconds.
  path: Assets/CanonTower/Prefabs
  artifactKey: Guid(2c1dd667115459a449cc58575cdbcf87) Importer(815301076,1909f56bfc062723c751e8b465ee728b)
Start importing Assets/CanonTower/Prefabs using Guid(2c1dd667115459a449cc58575cdbcf87) Importer(815301076,1909f56bfc062723c751e8b465ee728b)  -> (artifact id: 'acbbc636ec1b55ddf59bbb9aceeae2ac') in 0.001166 seconds
  Import took 0.005302 seconds .

========================================================================
Received Import Request.
  Time since last request: 0.098542 seconds.
  path: Assets/CanonTower/Prefabs/Tower.prefab
  artifactKey: Guid(f4f6b630159e6b34386dec2579f250b2) Importer(815301076,1909f56bfc062723c751e8b465ee728b)
Start importing Assets/CanonTower/Prefabs/Tower.prefab using Guid(f4f6b630159e6b34386dec2579f250b2) Importer(815301076,1909f56bfc062723c751e8b465ee728b)  -> (artifact id: '7c1a7f281b680849405c248d754e7f08') in 1.333149 seconds
  Import took 1.336983 seconds .

========================================================================
Received Import Request.
  Time since last request: 518.809849 seconds.
  path: Assets/AssetStore/Joystick Pack/Prefabs
  artifactKey: Guid(d41e4075f56d1e1438b3af3673ec6081) Importer(815301076,1909f56bfc062723c751e8b465ee728b)
Start importing Assets/AssetStore/Joystick Pack/Prefabs using Guid(d41e4075f56d1e1438b3af3673ec6081) Importer(815301076,1909f56bfc062723c751e8b465ee728b)  -> (artifact id: 'eed6f9ce88431bd64e58ec2cbf48c549') in 0.000896 seconds
  Import took 0.003626 seconds .

========================================================================
Received Import Request.
  Time since last request: 0.356987 seconds.
  path: Assets/AssetStore/Joystick Pack/Prefabs/Dynamic Joystick.prefab
  artifactKey: Guid(56fae09712773584fb63896d473a98ee) Importer(815301076,1909f56bfc062723c751e8b465ee728b)
Start importing Assets/AssetStore/Joystick Pack/Prefabs/Dynamic Joystick.prefab using Guid(56fae09712773584fb63896d473a98ee) Importer(815301076,1909f56bfc062723c751e8b465ee728b)  -> (artifact id: '53456acf29ae9a70e9786caeb63cf294') in 0.022171 seconds
  Import took 0.026259 seconds .

========================================================================
Received Import Request.
  Time since last request: 0.000220 seconds.
  path: Assets/AssetStore/Joystick Pack/Prefabs/Variable Joystick.prefab
  artifactKey: Guid(ec536a7718376554185e4a856d5ae230) Importer(815301076,1909f56bfc062723c751e8b465ee728b)
Start importing Assets/AssetStore/Joystick Pack/Prefabs/Variable Joystick.prefab using Guid(ec536a7718376554185e4a856d5ae230) Importer(815301076,1909f56bfc062723c751e8b465ee728b)  -> (artifact id: 'a7c7f94e811ad4e88eab8e3563c81b01') in 0.006483 seconds
  Import took 0.009021 seconds .

========================================================================
Received Import Request.
  Time since last request: 0.000232 seconds.
  path: Assets/AssetStore/Joystick Pack/Prefabs/Fixed Joystick.prefab
  artifactKey: Guid(aaa2c939c0359ac4dbce3f49e8b90252) Importer(815301076,1909f56bfc062723c751e8b465ee728b)
Start importing Assets/AssetStore/Joystick Pack/Prefabs/Fixed Joystick.prefab using Guid(aaa2c939c0359ac4dbce3f49e8b90252) Importer(815301076,1909f56bfc062723c751e8b465ee728b)  -> (artifact id: '5eeb59f2b4d9f291e9ef46135fa14e8d') in 0.007220 seconds
  Import took 0.010221 seconds .

========================================================================
Received Import Request.
  Time since last request: 0.000207 seconds.
  path: Assets/AssetStore/Joystick Pack/Prefabs/Floating Joystick.prefab
  artifactKey: Guid(0d230cc8be529a542a08cb878ab14b18) Importer(815301076,1909f56bfc062723c751e8b465ee728b)
Start importing Assets/AssetStore/Joystick Pack/Prefabs/Floating Joystick.prefab using Guid(0d230cc8be529a542a08cb878ab14b18) Importer(815301076,1909f56bfc062723c751e8b465ee728b)  -> (artifact id: '7dcf81bfbb217d6a1fd8451c92f2ca71') in 0.007332 seconds
  Import took 0.010561 seconds .

========================================================================
Received Import Request.
  Time since last request: 226.501418 seconds.
  path: Assets/AssetStore/Joystick Pack/Sprites/Vertical Backgrounds/Vertical_Ridged_Arrows.png
  artifactKey: Guid(9332cf0d233636a40a024382720294a3) Importer(815301076,1909f56bfc062723c751e8b465ee728b)
Start importing Assets/AssetStore/Joystick Pack/Sprites/Vertical Backgrounds/Vertical_Ridged_Arrows.png using Guid(9332cf0d233636a40a024382720294a3) Importer(815301076,1909f56bfc062723c751e8b465ee728b)  -> (artifact id: '6b339e5de892b68f45afdf014b66b2fa') in 0.964904 seconds
  Import took 0.968182 seconds .

========================================================================
Received Import Request.
  Time since last request: 0.000225 seconds.
  path: Assets/AssetStore/Joystick Pack/Sprites/Horizontal Backgrounds/Horizontal_Plain.png
  artifactKey: Guid(097782735540f2d4db5606eae04ae6a7) Importer(815301076,1909f56bfc062723c751e8b465ee728b)
Start importing Assets/AssetStore/Joystick Pack/Sprites/Horizontal Backgrounds/Horizontal_Plain.png using Guid(097782735540f2d4db5606eae04ae6a7) Importer(815301076,1909f56bfc062723c751e8b465ee728b)  -> (artifact id: 'eb651cbba82310f392b402bfa45206b3') in 0.028825 seconds
  Import took 0.032530 seconds .

========================================================================
Received Import Request.
  Time since last request: 0.000265 seconds.
  path: Assets/AssetStore/Joystick Pack/Sprites/Handles/Handle_Ridged.png
  artifactKey: Guid(3a74f678ee8f3bd49aacf3de1ae4bcaa) Importer(815301076,1909f56bfc062723c751e8b465ee728b)
Start importing Assets/AssetStore/Joystick Pack/Sprites/Handles/Handle_Ridged.png using Guid(3a74f678ee8f3bd49aacf3de1ae4bcaa) Importer(815301076,1909f56bfc062723c751e8b465ee728b)  -> (artifact id: '4bbc7484b41b2a607235a9fbb584d3ad') in 0.015306 seconds
  Import took 0.018795 seconds .

========================================================================
Received Import Request.
  Time since last request: 0.000302 seconds.
  path: Assets/AssetStore/Joystick Pack/Sprites/Handles/Handle_Ridged_Arrows.png
  artifactKey: Guid(a6c56474666ce0647bdb766e9b4764b3) Importer(815301076,1909f56bfc062723c751e8b465ee728b)
Start importing Assets/AssetStore/Joystick Pack/Sprites/Handles/Handle_Ridged_Arrows.png using Guid(a6c56474666ce0647bdb766e9b4764b3) Importer(815301076,1909f56bfc062723c751e8b465ee728b)  -> (artifact id: '5c7d51399ac5cfaa2e56ab0d6058239a') in 0.021204 seconds
  Import took 0.025077 seconds .

========================================================================
Received Import Request.
  Time since last request: 0.000282 seconds.
  path: Assets/AssetStore/Joystick Pack/Sprites/Vertical Backgrounds/Vertical_Plain_Arrows.png
  artifactKey: Guid(3bf6d9f920f7458448a390f80318ebe6) Importer(815301076,1909f56bfc062723c751e8b465ee728b)
Start importing Assets/AssetStore/Joystick Pack/Sprites/Vertical Backgrounds/Vertical_Plain_Arrows.png using Guid(3bf6d9f920f7458448a390f80318ebe6) Importer(815301076,1909f56bfc062723c751e8b465ee728b)  -> (artifact id: '3d60a43c44d7f3c7bf61e31d7fc24312') in 0.036055 seconds
  Import took 0.038998 seconds .

========================================================================
Received Import Request.
  Time since last request: 0.000208 seconds.
  path: Assets/AssetStore/Joystick Pack/Sprites/Vertical Backgrounds/Vertical_Plain.png
  artifactKey: Guid(ab6db91373811284caeba2e9472fa9c2) Importer(815301076,1909f56bfc062723c751e8b465ee728b)
Start importing Assets/AssetStore/Joystick Pack/Sprites/Vertical Backgrounds/Vertical_Plain.png using Guid(ab6db91373811284caeba2e9472fa9c2) Importer(815301076,1909f56bfc062723c751e8b465ee728b)  -> (artifact id: 'cd4c18c6a69fd10e6fa06013d3c8a69b') in 0.022303 seconds
  Import took 0.025247 seconds .

========================================================================
Received Import Request.
  Time since last request: 0.000211 seconds.
  path: Assets/AssetStore/Joystick Pack/Sprites/Horizontal Backgrounds/Horizontal_Outline_Arrows.png
  artifactKey: Guid(7927b9032dc11e841af3f9a1353d7ecd) Importer(815301076,1909f56bfc062723c751e8b465ee728b)
Start importing Assets/AssetStore/Joystick Pack/Sprites/Horizontal Backgrounds/Horizontal_Outline_Arrows.png using Guid(7927b9032dc11e841af3f9a1353d7ecd) Importer(815301076,1909f56bfc062723c751e8b465ee728b)  -> (artifact id: 'b1cc7b828e16f3de089220e6db4b9fdc') in 0.028066 seconds
  Import took 0.031079 seconds .

========================================================================
Received Import Request.
  Time since last request: 0.000217 seconds.
  path: Assets/AssetStore/Joystick Pack/Sprites/Horizontal Backgrounds/Horizontal_Ridged_Arrows.png
  artifactKey: Guid(b8467ea5fbaf9ba42908de6411bd443d) Importer(815301076,1909f56bfc062723c751e8b465ee728b)
Start importing Assets/AssetStore/Joystick Pack/Sprites/Horizontal Backgrounds/Horizontal_Ridged_Arrows.png using Guid(b8467ea5fbaf9ba42908de6411bd443d) Importer(815301076,1909f56bfc062723c751e8b465ee728b)  -> (artifact id: 'd2f67afe2c756a3a1ecc0d754ea6239f') in 0.024703 seconds
  Import took 0.027559 seconds .

========================================================================
Received Import Request.
  Time since last request: 0.000243 seconds.
  path: Assets/AssetStore/Joystick Pack/Sprites/Handles/Handle_Plain_Arrows.png
  artifactKey: Guid(f353d42d1db27ff42b78b28efd86b316) Importer(815301076,1909f56bfc062723c751e8b465ee728b)
Start importing Assets/AssetStore/Joystick Pack/Sprites/Handles/Handle_Plain_Arrows.png using Guid(f353d42d1db27ff42b78b28efd86b316) Importer(815301076,1909f56bfc062723c751e8b465ee728b)  -> (artifact id: '56d4dde35b77bd47b03f5b1ab83e35ca') in 0.011314 seconds
  Import took 0.014083 seconds .

========================================================================
Received Import Request.
  Time since last request: 0.000202 seconds.
  path: Assets/AssetStore/Joystick Pack/Sprites/Vertical Backgrounds/Vertical_Outline_Arrows.png
  artifactKey: Guid(c615706690ca87043ad593475e6db7ec) Importer(815301076,1909f56bfc062723c751e8b465ee728b)
Start importing Assets/AssetStore/Joystick Pack/Sprites/Vertical Backgrounds/Vertical_Outline_Arrows.png using Guid(c615706690ca87043ad593475e6db7ec) Importer(815301076,1909f56bfc062723c751e8b465ee728b)  -> (artifact id: '13c7da0653673dfeab305aeb6ccb8a92') in 0.023019 seconds
  Import took 0.025977 seconds .

========================================================================
Received Import Request.
  Time since last request: 0.000219 seconds.
  path: Assets/AssetStore/Joystick Pack/Sprites/Horizontal Backgrounds/Horizontal_Ridged.png
  artifactKey: Guid(6304ad603f150b649b764d29bbc2a87b) Importer(815301076,1909f56bfc062723c751e8b465ee728b)
Start importing Assets/AssetStore/Joystick Pack/Sprites/Horizontal Backgrounds/Horizontal_Ridged.png using Guid(6304ad603f150b649b764d29bbc2a87b) Importer(815301076,1909f56bfc062723c751e8b465ee728b)  -> (artifact id: 'af18a4eecfdbce3ad3a9a2b61b6f6766') in 0.025632 seconds
  Import took 0.028592 seconds .

========================================================================
Received Import Request.
  Time since last request: 0.000283 seconds.
  path: Assets/AssetStore/Joystick Pack/Sprites/Vertical Backgrounds/Vertical_Ridged.png
  artifactKey: Guid(08c1fa6351174a9439d97cfc9d3307cc) Importer(815301076,1909f56bfc062723c751e8b465ee728b)
Start importing Assets/AssetStore/Joystick Pack/Sprites/Vertical Backgrounds/Vertical_Ridged.png using Guid(08c1fa6351174a9439d97cfc9d3307cc) Importer(815301076,1909f56bfc062723c751e8b465ee728b)  -> (artifact id: '3ac36394b770ef14b7737cb9045aff62') in 0.025648 seconds
  Import took 0.028867 seconds .

========================================================================
Received Import Request.
  Time since last request: 0.000190 seconds.
  path: Assets/AssetStore/Joystick Pack/Sprites/Vertical Backgrounds/Vertical_Outline.png
  artifactKey: Guid(f054197ef28924b4986cbd91de2ab054) Importer(815301076,1909f56bfc062723c751e8b465ee728b)
Start importing Assets/AssetStore/Joystick Pack/Sprites/Vertical Backgrounds/Vertical_Outline.png using Guid(f054197ef28924b4986cbd91de2ab054) Importer(815301076,1909f56bfc062723c751e8b465ee728b)  -> (artifact id: '99f036fdd4f2964f525fe383994823cf') in 0.023730 seconds
  Import took 0.026774 seconds .

========================================================================
Received Import Request.
  Time since last request: 0.000215 seconds.
  path: Assets/AssetStore/Joystick Pack/Sprites/Horizontal Backgrounds/Horizontal_Plain_Arrows.png
  artifactKey: Guid(c8585b68a92b5d440992ddd7d1b1a3d6) Importer(815301076,1909f56bfc062723c751e8b465ee728b)
Start importing Assets/AssetStore/Joystick Pack/Sprites/Horizontal Backgrounds/Horizontal_Plain_Arrows.png using Guid(c8585b68a92b5d440992ddd7d1b1a3d6) Importer(815301076,1909f56bfc062723c751e8b465ee728b)  -> (artifact id: '578a7e429dc9566d9b90f1b92a25f8da') in 0.022430 seconds
  Import took 0.024994 seconds .

========================================================================
Received Import Request.
  Time since last request: 0.000214 seconds.
  path: Assets/AssetStore/Joystick Pack/Sprites/Horizontal Backgrounds/Horizontal_Outline.png
  artifactKey: Guid(cd0a2c1b2c014ba4c80c1df786e150e9) Importer(815301076,1909f56bfc062723c751e8b465ee728b)
Start importing Assets/AssetStore/Joystick Pack/Sprites/Horizontal Backgrounds/Horizontal_Outline.png using Guid(cd0a2c1b2c014ba4c80c1df786e150e9) Importer(815301076,1909f56bfc062723c751e8b465ee728b)  -> (artifact id: 'ea3e36c61f82e73152a258ffcd356b53') in 0.031351 seconds
  Import took 0.034242 seconds .

========================================================================
Received Import Request.
  Time since last request: 0.000248 seconds.
  path: Assets/AssetStore/Joystick Pack/Sprites/Handles/Handle_Outline_Arrows.png
  artifactKey: Guid(5eda94a9dcf71e445ad17e3c065d1460) Importer(815301076,1909f56bfc062723c751e8b465ee728b)
Start importing Assets/AssetStore/Joystick Pack/Sprites/Handles/Handle_Outline_Arrows.png using Guid(5eda94a9dcf71e445ad17e3c065d1460) Importer(815301076,1909f56bfc062723c751e8b465ee728b)  -> (artifact id: 'c577d663ff64297cc379438a47311bdd') in 0.010120 seconds
  Import took 0.013122 seconds .

========================================================================
Received Import Request.
  Time since last request: 0.000240 seconds.
  path: Assets/AssetStore/Joystick Pack/Sprites/Handles/Handle_Plain.png
  artifactKey: Guid(010a6e5305fa7004f89c5d317b7b47d4) Importer(815301076,1909f56bfc062723c751e8b465ee728b)
Start importing Assets/AssetStore/Joystick Pack/Sprites/Handles/Handle_Plain.png using Guid(010a6e5305fa7004f89c5d317b7b47d4) Importer(815301076,1909f56bfc062723c751e8b465ee728b)  -> (artifact id: '6ca97b4e81d29c270ac1ac9deb13a423') in 0.010472 seconds
  Import took 0.013369 seconds .

========================================================================
Received Import Request.
  Time since last request: 0.109123 seconds.
  path: Assets/AssetStore/Joystick Pack/Sprites/All Axis Backgrounds/AllAxis_Ridged_Arrows.png
  artifactKey: Guid(4cbc879550e5e374a925e2e0a84d6f3c) Importer(815301076,1909f56bfc062723c751e8b465ee728b)
Start importing Assets/AssetStore/Joystick Pack/Sprites/All Axis Backgrounds/AllAxis_Ridged_Arrows.png using Guid(4cbc879550e5e374a925e2e0a84d6f3c) Importer(815301076,1909f56bfc062723c751e8b465ee728b)  -> (artifact id: 'b44f461005909fed6dc8a330e6431afa') in 0.021786 seconds
  Import took 0.024510 seconds .

========================================================================
Received Import Request.
  Time since last request: 0.000173 seconds.
  path: Assets/AssetStore/Joystick Pack/Sprites/Handles/Handle_Outline.png
  artifactKey: Guid(085185b08a40a924985bc0e4176edea6) Importer(815301076,1909f56bfc062723c751e8b465ee728b)
Start importing Assets/AssetStore/Joystick Pack/Sprites/Handles/Handle_Outline.png using Guid(085185b08a40a924985bc0e4176edea6) Importer(815301076,1909f56bfc062723c751e8b465ee728b)  -> (artifact id: '9a97b705233a0842150480b6bd90fe91') in 0.011417 seconds
  Import took 0.014217 seconds .

========================================================================
Received Import Request.
  Time since last request: 0.814469 seconds.
  path: Assets/AssetStore/Joystick Pack/Sprites/All Axis Backgrounds/AllAxis_Plain_Arrows.png
  artifactKey: Guid(2a1f3cba20f3e11498474a705db12fde) Importer(815301076,1909f56bfc062723c751e8b465ee728b)
Start importing Assets/AssetStore/Joystick Pack/Sprites/All Axis Backgrounds/AllAxis_Plain_Arrows.png using Guid(2a1f3cba20f3e11498474a705db12fde) Importer(815301076,1909f56bfc062723c751e8b465ee728b)  -> (artifact id: '2460afe961ba9549a952faf9b3bc928b') in 0.021455 seconds
  Import took 0.024092 seconds .

========================================================================
Received Import Request.
  Time since last request: 0.000176 seconds.
  path: Assets/AssetStore/Joystick Pack/Sprites/All Axis Backgrounds/AllAxis_Ridged.png
  artifactKey: Guid(54628aafa20f64b40ae661038ee7abf0) Importer(815301076,1909f56bfc062723c751e8b465ee728b)
Start importing Assets/AssetStore/Joystick Pack/Sprites/All Axis Backgrounds/AllAxis_Ridged.png using Guid(54628aafa20f64b40ae661038ee7abf0) Importer(815301076,1909f56bfc062723c751e8b465ee728b)  -> (artifact id: '9bb9ac9d4d5d88eca337bc270966d485') in 0.025515 seconds
  Import took 0.028046 seconds .

========================================================================
Received Import Request.
  Time since last request: 0.000202 seconds.
  path: Assets/AssetStore/Joystick Pack/Sprites/All Axis Backgrounds/AllAxis_Plain_Arrows.png
  artifactKey: Guid(2a1f3cba20f3e11498474a705db12fde) Importer(815301076,1909f56bfc062723c751e8b465ee728b)
Start importing Assets/AssetStore/Joystick Pack/Sprites/All Axis Backgrounds/AllAxis_Plain_Arrows.png using Guid(2a1f3cba20f3e11498474a705db12fde) Importer(815301076,1909f56bfc062723c751e8b465ee728b)  -> (artifact id: '2460afe961ba9549a952faf9b3bc928b') in 0.026737 seconds
  Import took 0.029309 seconds .

========================================================================
Received Import Request.
  Time since last request: 74.012232 seconds.
  path: Assets/CanonTower/Prefabs/Tower.prefab
  artifactKey: Guid(f4f6b630159e6b34386dec2579f250b2) Importer(815301076,1909f56bfc062723c751e8b465ee728b)
Start importing Assets/CanonTower/Prefabs/Tower.prefab using Guid(f4f6b630159e6b34386dec2579f250b2) Importer(815301076,1909f56bfc062723c751e8b465ee728b)  -> (artifact id: '0e2937f6ce8d80ca76af1ff963796ed3') in 1.146409 seconds
  Import took 1.150524 seconds .

========================================================================
Received Import Request.
  Time since last request: 0.327658 seconds.
  path: Assets/CanonTower/Prefabs/Tower.prefab
  artifactKey: Guid(f4f6b630159e6b34386dec2579f250b2) Importer(815301076,1909f56bfc062723c751e8b465ee728b)
Start importing Assets/CanonTower/Prefabs/Tower.prefab using Guid(f4f6b630159e6b34386dec2579f250b2) Importer(815301076,1909f56bfc062723c751e8b465ee728b)  -> (artifact id: '7b987d7b60e93d605a766e1818f931d9') in 1.154757 seconds
  Import took 1.157887 seconds .

========================================================================
Received Import Request.
  Time since last request: 0.135945 seconds.
  path: Assets/CanonTower/Prefabs/Tower.prefab
  artifactKey: Guid(f4f6b630159e6b34386dec2579f250b2) Importer(815301076,1909f56bfc062723c751e8b465ee728b)
Start importing Assets/CanonTower/Prefabs/Tower.prefab using Guid(f4f6b630159e6b34386dec2579f250b2) Importer(815301076,1909f56bfc062723c751e8b465ee728b)  -> (artifact id: '71bcc8f41cba1498cab4d70c6fc0c5fe') in 1.142465 seconds
  Import took 1.146126 seconds .

========================================================================
Received Import Request.
  Time since last request: 48.017972 seconds.
  path: Assets/Scenes/New Folder
  artifactKey: Guid(91b5e5da350fe4398b0a3ad03cf76430) Importer(815301076,1909f56bfc062723c751e8b465ee728b)
Start importing Assets/Scenes/New Folder using Guid(91b5e5da350fe4398b0a3ad03cf76430) Importer(815301076,1909f56bfc062723c751e8b465ee728b)  -> (artifact id: '882300fbaf3c3feb21e384ea0bbd83cb') in 0.002557 seconds
  Import took 0.006412 seconds .

========================================================================
Received Import Request.
  Time since last request: 98.001810 seconds.
  path: Assets/AssetStore/RobotSphere/Assets/Scripts/RobotTouchController.cs
  artifactKey: Guid(03934686a573e464c8bc73e5ce963af1) Importer(815301076,1909f56bfc062723c751e8b465ee728b)
Start importing Assets/AssetStore/RobotSphere/Assets/Scripts/RobotTouchController.cs using Guid(03934686a573e464c8bc73e5ce963af1) Importer(815301076,1909f56bfc062723c751e8b465ee728b)  -> (artifact id: '3b7ed71ac8b9f7650f371ef4973173bd') in 0.007641 seconds
  Import took 0.011641 seconds .

========================================================================
Received Prepare
Registering precompiled user dll's ...
Registered in 0.000514 seconds.
Begin MonoManager ReloadAssembly
Native extension for OSXStandalone target not found
Refreshing native plugins compatible for Editor in 0.33 ms, found 1 plugins.
Preloading 0 native plugins for Editor in 0.00 ms.
Invoked RoslynAnalysisRunner static constructor.
RoslynAnalysisRunner will not be running.
RoslynAnalysisRunner has terminated.
Mono: successfully reloaded assembly
- Completed reload, in  1.184 seconds
Platform modules already initialized, skipping
Switching build target platform(2) subTarget(0) extendedPlatform(0) -> platform(9) subTarget(16777218) extendedPlatform(0)
Refreshing native plugins compatible for Editor in 0.28 ms, found 1 plugins.
Preloading 0 native plugins for Editor in 0.00 ms.
Unloading 1519 Unused Serialized files (Serialized files now loaded: 0)
System memory in use before: 167.0 MB.
System memory in use after: 166.4 MB.

Unloading 20 unused Assets to reduce memory usage. Loaded Objects now: 2007.
Total: 2.450488 ms (FindLiveObjects: 0.222522 ms CreateObjectMapping: 0.062498 ms MarkObjects: 1.786781 ms  DeleteObjects: 0.377186 ms)

AssetImportParameters requested are different than current active one (requested -> active):
  custom:graphics/normal-map-encoding: 01000000000000000000000000000000 -> 02000000000000000000000000000000
========================================================================
Received Import Request.
  Time since last request: 104.387337 seconds.
  path: Assets/Materials/New Material.mat
  artifactKey: Guid(637a09a30075a47bfbd1c90521a0d925) Importer(815301076,1909f56bfc062723c751e8b465ee728b)
Start importing Assets/Materials/New Material.mat using Guid(637a09a30075a47bfbd1c90521a0d925) Importer(815301076,1909f56bfc062723c751e8b465ee728b)  -> (artifact id: '1ec6c8a5d3d2a2e573fdf406db871617') in 0.277296 seconds
  Import took 0.281015 seconds .

========================================================================
Received Import Request.
  Time since last request: 39.758915 seconds.
  path: Assets/CanonTower/Scripts
  artifactKey: Guid(7bf94210c78ab4467a851a4fcb001d70) Importer(815301076,1909f56bfc062723c751e8b465ee728b)
Start importing Assets/CanonTower/Scripts using Guid(7bf94210c78ab4467a851a4fcb001d70) Importer(815301076,1909f56bfc062723c751e8b465ee728b)  -> (artifact id: '52a01fb63a07122196837a9983c68401') in 0.001447 seconds
  Import took 0.004839 seconds .

========================================================================
Received Import Request.
  Time since last request: 8.972587 seconds.
  path: Assets/CanonTower/Scripts/CanonTower.cs
  artifactKey: Guid(c07366783f3b44340afaa2b733a45381) Importer(815301076,1909f56bfc062723c751e8b465ee728b)
Start importing Assets/CanonTower/Scripts/CanonTower.cs using Guid(c07366783f3b44340afaa2b733a45381) Importer(815301076,1909f56bfc062723c751e8b465ee728b)  -> (artifact id: '2dc7b50a48786b23b72ae45ecfd9374f') in 0.003400 seconds
  Import took 0.006106 seconds .

========================================================================
Received Prepare
Registering precompiled user dll's ...
Registered in 0.000444 seconds.
Begin MonoManager ReloadAssembly
Native extension for OSXStandalone target not found
Refreshing native plugins compatible for Editor in 0.32 ms, found 1 plugins.
Preloading 0 native plugins for Editor in 0.00 ms.
Invoked RoslynAnalysisRunner static constructor.
RoslynAnalysisRunner will not be running.
RoslynAnalysisRunner has terminated.
Mono: successfully reloaded assembly
- Completed reload, in  1.043 seconds
Platform modules already initialized, skipping
Script is not up to date after domain reload: guid(996b9f6a8009a488091879a3ac940b51) path("Assets/CanonTower/Scripts/NewBehaviourScript.cs") state(2)
Switching build target platform(2) subTarget(0) extendedPlatform(0) -> platform(9) subTarget(16777218) extendedPlatform(0)
Refreshing native plugins compatible for Editor in 0.32 ms, found 1 plugins.
Preloading 0 native plugins for Editor in 0.00 ms.
Unloading 1520 Unused Serialized files (Serialized files now loaded: 0)
System memory in use before: 167.3 MB.
System memory in use after: 166.8 MB.

Unloading 20 unused Assets to reduce memory usage. Loaded Objects now: 2013.
Total: 2.527240 ms (FindLiveObjects: 0.230377 ms CreateObjectMapping: 0.070715 ms MarkObjects: 1.841878 ms  DeleteObjects: 0.382623 ms)

AssetImportParameters requested are different than current active one (requested -> active):
  custom:graphics/normal-map-encoding: 01000000000000000000000000000000 -> 02000000000000000000000000000000
========================================================================
Received Import Request.
  Time since last request: 8.399166 seconds.
  path: Assets/CanonTower/Scripts/NewBehaviourScript.cs
  artifactKey: Guid(996b9f6a8009a488091879a3ac940b51) Importer(815301076,1909f56bfc062723c751e8b465ee728b)
Start importing Assets/CanonTower/Scripts/NewBehaviourScript.cs using Guid(996b9f6a8009a488091879a3ac940b51) Importer(815301076,1909f56bfc062723c751e8b465ee728b)  -> (artifact id: '6a1b55492f58fe6cd65d7b8fd32bc156') in 0.006751 seconds
  Import took 0.010534 seconds .

========================================================================
Received Import Request.
  Time since last request: 0.001118 seconds.
  path: Assets/CanonTower/Scripts/NewBehaviourScript.cs
  artifactKey: Guid(996b9f6a8009a488091879a3ac940b51) Importer(815301076,1909f56bfc062723c751e8b465ee728b)
Start importing Assets/CanonTower/Scripts/NewBehaviourScript.cs using Guid(996b9f6a8009a488091879a3ac940b51) Importer(815301076,1909f56bfc062723c751e8b465ee728b)  -> (artifact id: '6a1b55492f58fe6cd65d7b8fd32bc156') in 0.001776 seconds
  Import took 0.005606 seconds .

========================================================================
Received Prepare
Registering precompiled user dll's ...
Registered in 0.000467 seconds.
Begin MonoManager ReloadAssembly
Native extension for OSXStandalone target not found
Refreshing native plugins compatible for Editor in 0.29 ms, found 1 plugins.
Preloading 0 native plugins for Editor in 0.00 ms.
Invoked RoslynAnalysisRunner static constructor.
RoslynAnalysisRunner will not be running.
RoslynAnalysisRunner has terminated.
Mono: successfully reloaded assembly
- Completed reload, in  1.023 seconds
Platform modules already initialized, skipping
Switching build target platform(2) subTarget(0) extendedPlatform(0) -> platform(9) subTarget(16777218) extendedPlatform(0)
Refreshing native plugins compatible for Editor in 0.30 ms, found 1 plugins.
Preloading 0 native plugins for Editor in 0.00 ms.
Unloading 1521 Unused Serialized files (Serialized files now loaded: 0)
System memory in use before: 167.6 MB.
System memory in use after: 167.1 MB.

Unloading 20 unused Assets to reduce memory usage. Loaded Objects now: 2018.
Total: 2.388564 ms (FindLiveObjects: 0.189108 ms CreateObjectMapping: 0.062689 ms MarkObjects: 1.747652 ms  DeleteObjects: 0.387280 ms)

AssetImportParameters requested are different than current active one (requested -> active):
  custom:graphics/normal-map-encoding: 01000000000000000000000000000000 -> 02000000000000000000000000000000
========================================================================
Received Prepare
Registering precompiled user dll's ...
Registered in 0.000432 seconds.
Begin MonoManager ReloadAssembly
Native extension for OSXStandalone target not found
Refreshing native plugins compatible for Editor in 0.31 ms, found 1 plugins.
Preloading 0 native plugins for Editor in 0.00 ms.
Invoked RoslynAnalysisRunner static constructor.
RoslynAnalysisRunner will not be running.
RoslynAnalysisRunner has terminated.
Mono: successfully reloaded assembly
- Completed reload, in  1.029 seconds
Platform modules already initialized, skipping
Switching build target platform(2) subTarget(0) extendedPlatform(0) -> platform(9) subTarget(16777218) extendedPlatform(0)
Refreshing native plugins compatible for Editor in 0.30 ms, found 1 plugins.
Preloading 0 native plugins for Editor in 0.00 ms.
Unloading 1520 Unused Serialized files (Serialized files now loaded: 0)
System memory in use before: 167.7 MB.
System memory in use after: 167.2 MB.

Unloading 21 unused Assets to reduce memory usage. Loaded Objects now: 2021.
Total: 2.302612 ms (FindLiveObjects: 0.216572 ms CreateObjectMapping: 0.061490 ms MarkObjects: 1.647663 ms  DeleteObjects: 0.375420 ms)

AssetImportParameters requested are different than current active one (requested -> active):
  custom:graphics/normal-map-encoding: 01000000000000000000000000000000 -> 02000000000000000000000000000000
========================================================================
Received Import Request.
  Time since last request: 18.592762 seconds.
  path: Assets/CanonTower/Scripts/Canonball.cs
  artifactKey: Guid(57eb35303c5fe49cf8190321410190ec) Importer(815301076,1909f56bfc062723c751e8b465ee728b)
Start importing Assets/CanonTower/Scripts/Canonball.cs using Guid(57eb35303c5fe49cf8190321410190ec) Importer(815301076,1909f56bfc062723c751e8b465ee728b)  -> (artifact id: 'e209c60acf08c14cb641a01998f29bb3') in 0.005213 seconds
  Import took 0.008776 seconds .

========================================================================
Received Prepare
Registering precompiled user dll's ...
Registered in 0.000530 seconds.
Begin MonoManager ReloadAssembly
Native extension for OSXStandalone target not found
Refreshing native plugins compatible for Editor in 0.31 ms, found 1 plugins.
Preloading 0 native plugins for Editor in 0.00 ms.
Invoked RoslynAnalysisRunner static constructor.
RoslynAnalysisRunner will not be running.
RoslynAnalysisRunner has terminated.
Mono: successfully reloaded assembly
- Completed reload, in  1.035 seconds
Platform modules already initialized, skipping
Switching build target platform(2) subTarget(0) extendedPlatform(0) -> platform(9) subTarget(16777218) extendedPlatform(0)
Refreshing native plugins compatible for Editor in 0.30 ms, found 1 plugins.
Preloading 0 native plugins for Editor in 0.00 ms.
Unloading 1521 Unused Serialized files (Serialized files now loaded: 0)
System memory in use before: 168.0 MB.
System memory in use after: 167.5 MB.

Unloading 20 unused Assets to reduce memory usage. Loaded Objects now: 2026.
Total: 2.339181 ms (FindLiveObjects: 0.226706 ms CreateObjectMapping: 0.048858 ms MarkObjects: 1.663770 ms  DeleteObjects: 0.398061 ms)

AssetImportParameters requested are different than current active one (requested -> active):
  custom:graphics/normal-map-encoding: 01000000000000000000000000000000 -> 02000000000000000000000000000000
========================================================================
Received Prepare
Registering precompiled user dll's ...
Registered in 0.000528 seconds.
Begin MonoManager ReloadAssembly
Native extension for OSXStandalone target not found
Refreshing native plugins compatible for Editor in 0.29 ms, found 1 plugins.
Preloading 0 native plugins for Editor in 0.00 ms.
Invoked RoslynAnalysisRunner static constructor.
RoslynAnalysisRunner will not be running.
RoslynAnalysisRunner has terminated.
Mono: successfully reloaded assembly
- Completed reload, in  1.039 seconds
Platform modules already initialized, skipping
Switching build target platform(2) subTarget(0) extendedPlatform(0) -> platform(9) subTarget(16777218) extendedPlatform(0)
Refreshing native plugins compatible for Editor in 0.40 ms, found 1 plugins.
Preloading 0 native plugins for Editor in 0.00 ms.
Unloading 1520 Unused Serialized files (Serialized files now loaded: 0)
System memory in use before: 168.2 MB.
System memory in use after: 167.6 MB.

Unloading 21 unused Assets to reduce memory usage. Loaded Objects now: 2029.
Total: 2.059029 ms (FindLiveObjects: 0.169063 ms CreateObjectMapping: 0.050723 ms MarkObjects: 1.486697 ms  DeleteObjects: 0.351685 ms)

AssetImportParameters requested are different than current active one (requested -> active):
  custom:graphics/normal-map-encoding: 01000000000000000000000000000000 -> 02000000000000000000000000000000
========================================================================
Received Import Request.
  Time since last request: 18.906926 seconds.
  path: Assets/CanonTower/Scripts/CanonBall.cs
  artifactKey: Guid(57eb35303c5fe49cf8190321410190ec) Importer(815301076,1909f56bfc062723c751e8b465ee728b)
Start importing Assets/CanonTower/Scripts/CanonBall.cs using Guid(57eb35303c5fe49cf8190321410190ec) Importer(815301076,1909f56bfc062723c751e8b465ee728b)  -> (artifact id: '377668e5d7f67921965be68db59e9afd') in 0.006383 seconds
  Import took 0.009778 seconds .

========================================================================
Received Prepare
Registering precompiled user dll's ...
Registered in 0.000467 seconds.
Begin MonoManager ReloadAssembly
Native extension for OSXStandalone target not found
Refreshing native plugins compatible for Editor in 0.47 ms, found 1 plugins.
Preloading 0 native plugins for Editor in 0.00 ms.
Invoked RoslynAnalysisRunner static constructor.
RoslynAnalysisRunner will not be running.
RoslynAnalysisRunner has terminated.
Mono: successfully reloaded assembly
- Completed reload, in  1.023 seconds
Platform modules already initialized, skipping
Switching build target platform(2) subTarget(0) extendedPlatform(0) -> platform(9) subTarget(16777218) extendedPlatform(0)
Refreshing native plugins compatible for Editor in 0.31 ms, found 1 plugins.
Preloading 0 native plugins for Editor in 0.00 ms.
Unloading 1521 Unused Serialized files (Serialized files now loaded: 0)
System memory in use before: 168.4 MB.
System memory in use after: 167.9 MB.

Unloading 20 unused Assets to reduce memory usage. Loaded Objects now: 2034.
Total: 2.386436 ms (FindLiveObjects: 0.262608 ms CreateObjectMapping: 0.083404 ms MarkObjects: 1.664479 ms  DeleteObjects: 0.374839 ms)

AssetImportParameters requested are different than current active one (requested -> active):
  custom:graphics/normal-map-encoding: 01000000000000000000000000000000 -> 02000000000000000000000000000000
========================================================================
Received Import Request.
  Time since last request: 19.649673 seconds.
  path: Assets/Prefab/CannonBall.prefab
  artifactKey: Guid(d51ac29d413db40369396b32e46a4620) Importer(815301076,1909f56bfc062723c751e8b465ee728b)
Start importing Assets/Prefab/CannonBall.prefab using Guid(d51ac29d413db40369396b32e46a4620) Importer(815301076,1909f56bfc062723c751e8b465ee728b)  -> (artifact id: '99273c2171963d708ff686c07680d034') in 0.071615 seconds
  Import took 0.074674 seconds .

========================================================================
Received Prepare
Registering precompiled user dll's ...
Registered in 0.000422 seconds.
Begin MonoManager ReloadAssembly
Native extension for OSXStandalone target not found
Refreshing native plugins compatible for Editor in 0.32 ms, found 1 plugins.
Preloading 0 native plugins for Editor in 0.00 ms.
Invoked RoslynAnalysisRunner static constructor.
RoslynAnalysisRunner will not be running.
RoslynAnalysisRunner has terminated.
Mono: successfully reloaded assembly
- Completed reload, in  0.956 seconds
Platform modules already initialized, skipping
Switching build target platform(2) subTarget(0) extendedPlatform(0) -> platform(9) subTarget(16777218) extendedPlatform(0)
Refreshing native plugins compatible for Editor in 0.28 ms, found 1 plugins.
Preloading 0 native plugins for Editor in 0.00 ms.
Unloading 1520 Unused Serialized files (Serialized files now loaded: 0)
System memory in use before: 168.7 MB.
System memory in use after: 168.2 MB.

Unloading 21 unused Assets to reduce memory usage. Loaded Objects now: 2039.
Total: 2.235672 ms (FindLiveObjects: 0.228519 ms CreateObjectMapping: 0.058858 ms MarkObjects: 1.549814 ms  DeleteObjects: 0.397443 ms)

AssetImportParameters requested are different than current active one (requested -> active):
  custom:graphics/normal-map-encoding: 01000000000000000000000000000000 -> 02000000000000000000000000000000
========================================================================
Received Import Request.
  Time since last request: 256.284931 seconds.
  path: Assets/CanonTower/Scripts/Canon.cs
  artifactKey: Guid(a06156435f8c5475ebb0e23b14ede018) Importer(815301076,1909f56bfc062723c751e8b465ee728b)
Start importing Assets/CanonTower/Scripts/Canon.cs using Guid(a06156435f8c5475ebb0e23b14ede018) Importer(815301076,1909f56bfc062723c751e8b465ee728b)  -> (artifact id: '9e164dbc8a1090426c2a74493bb419c8') in 0.005880 seconds
  Import took 0.009564 seconds .

========================================================================
Received Prepare
Registering precompiled user dll's ...
Registered in 0.000425 seconds.
Begin MonoManager ReloadAssembly
Native extension for OSXStandalone target not found
Refreshing native plugins compatible for Editor in 0.30 ms, found 1 plugins.
Preloading 0 native plugins for Editor in 0.00 ms.
Invoked RoslynAnalysisRunner static constructor.
RoslynAnalysisRunner will not be running.
RoslynAnalysisRunner has terminated.
Mono: successfully reloaded assembly
- Completed reload, in  1.005 seconds
Platform modules already initialized, skipping
Switching build target platform(2) subTarget(0) extendedPlatform(0) -> platform(9) subTarget(16777218) extendedPlatform(0)
Refreshing native plugins compatible for Editor in 0.30 ms, found 1 plugins.
Preloading 0 native plugins for Editor in 0.00 ms.
Unloading 1521 Unused Serialized files (Serialized files now loaded: 0)
System memory in use before: 168.8 MB.
System memory in use after: 168.3 MB.

Unloading 20 unused Assets to reduce memory usage. Loaded Objects now: 2044.
Total: 2.108627 ms (FindLiveObjects: 0.177533 ms CreateObjectMapping: 0.048700 ms MarkObjects: 1.523214 ms  DeleteObjects: 0.358252 ms)

AssetImportParameters requested are different than current active one (requested -> active):
  custom:graphics/normal-map-encoding: 01000000000000000000000000000000 -> 02000000000000000000000000000000
========================================================================
Received Import Request.
  Time since last request: 133.459865 seconds.
  path: Assets/AssetStore/RobotSphere/Assets/Models/robotSphere.fbx
  artifactKey: Guid(bff429107601444d59c67940e6ad78c4) Importer(815301076,1909f56bfc062723c751e8b465ee728b)
Start importing Assets/AssetStore/RobotSphere/Assets/Models/robotSphere.fbx using Guid(bff429107601444d59c67940e6ad78c4) Importer(815301076,1909f56bfc062723c751e8b465ee728b)  -> (artifact id: '387589785fd716b953672d71d83c3bef') in 1.184073 seconds
  Import took 1.187460 seconds .

========================================================================
Received Prepare
Registering precompiled user dll's ...
Registered in 0.000568 seconds.
Begin MonoManager ReloadAssembly
Native extension for OSXStandalone target not found
Refreshing native plugins compatible for Editor in 0.32 ms, found 1 plugins.
Preloading 0 native plugins for Editor in 0.00 ms.
Invoked RoslynAnalysisRunner static constructor.
RoslynAnalysisRunner will not be running.
RoslynAnalysisRunner has terminated.
Mono: successfully reloaded assembly
- Completed reload, in  1.042 seconds
Platform modules already initialized, skipping
Switching build target platform(2) subTarget(0) extendedPlatform(0) -> platform(9) subTarget(16777218) extendedPlatform(0)
Refreshing native plugins compatible for Editor in 0.32 ms, found 1 plugins.
Preloading 0 native plugins for Editor in 0.00 ms.
Unloading 1521 Unused Serialized files (Serialized files now loaded: 0)
System memory in use before: 174.7 MB.
System memory in use after: 174.1 MB.

Unloading 20 unused Assets to reduce memory usage. Loaded Objects now: 2052.
Total: 1.934699 ms (FindLiveObjects: 0.178115 ms CreateObjectMapping: 0.050990 ms MarkObjects: 1.354249 ms  DeleteObjects: 0.350649 ms)

AssetImportParameters requested are different than current active one (requested -> active):
  custom:graphics/normal-map-encoding: 01000000000000000000000000000000 -> 02000000000000000000000000000000
========================================================================
Received Import Request.
  Time since last request: 767.194356 seconds.
  path: Assets/CanonTower/Scripts/Canon.cs
  artifactKey: Guid(a06156435f8c5475ebb0e23b14ede018) Importer(815301076,1909f56bfc062723c751e8b465ee728b)
Start importing Assets/CanonTower/Scripts/Canon.cs using Guid(a06156435f8c5475ebb0e23b14ede018) Importer(815301076,1909f56bfc062723c751e8b465ee728b)  -> (artifact id: '309373f20e8ee173c0ad56302b1e7028') in 0.007837 seconds
  Import took 0.011541 seconds .

========================================================================
Received Import Request.
  Time since last request: 9.286093 seconds.
  path: Assets/Prefab/CannonBall.prefab
  artifactKey: Guid(d51ac29d413db40369396b32e46a4620) Importer(815301076,1909f56bfc062723c751e8b465ee728b)
Start importing Assets/Prefab/CannonBall.prefab using Guid(d51ac29d413db40369396b32e46a4620) Importer(815301076,1909f56bfc062723c751e8b465ee728b)  -> (artifact id: '05fe5433dcfe70f12fea0b00a53d235e') in 0.082646 seconds
  Import took 0.085742 seconds .

========================================================================
Received Prepare
Registering precompiled user dll's ...
Registered in 0.000504 seconds.
Begin MonoManager ReloadAssembly
Native extension for OSXStandalone target not found
Refreshing native plugins compatible for Editor in 0.30 ms, found 1 plugins.
Preloading 0 native plugins for Editor in 0.00 ms.
Invoked RoslynAnalysisRunner static constructor.
RoslynAnalysisRunner will not be running.
RoslynAnalysisRunner has terminated.
Mono: successfully reloaded assembly
- Completed reload, in  0.976 seconds
Platform modules already initialized, skipping
Switching build target platform(2) subTarget(0) extendedPlatform(0) -> platform(9) subTarget(16777218) extendedPlatform(0)
Refreshing native plugins compatible for Editor in 0.40 ms, found 1 plugins.
Preloading 0 native plugins for Editor in 0.00 ms.
Unloading 1521 Unused Serialized files (Serialized files now loaded: 0)
System memory in use before: 174.9 MB.
System memory in use after: 174.4 MB.

Unloading 20 unused Assets to reduce memory usage. Loaded Objects now: 2057.
Total: 2.362423 ms (FindLiveObjects: 0.192343 ms CreateObjectMapping: 0.056741 ms MarkObjects: 1.718790 ms  DeleteObjects: 0.393560 ms)

AssetImportParameters requested are different than current active one (requested -> active):
  custom:graphics/normal-map-encoding: 01000000000000000000000000000000 -> 02000000000000000000000000000000
========================================================================
Received Import Request.
  Time since last request: 159.258489 seconds.
  path: Assets/CanonTower/Scripts/Canon.cs
  artifactKey: Guid(a06156435f8c5475ebb0e23b14ede018) Importer(815301076,1909f56bfc062723c751e8b465ee728b)
Start importing Assets/CanonTower/Scripts/Canon.cs using Guid(a06156435f8c5475ebb0e23b14ede018) Importer(815301076,1909f56bfc062723c751e8b465ee728b)  -> (artifact id: 'e37629f65da6b03c84ed502201b97073') in 0.008977 seconds
  Import took 0.012402 seconds .

========================================================================
Received Import Request.
  Time since last request: 0.000836 seconds.
  path: Assets/CanonTower/Scripts/Canon.cs
  artifactKey: Guid(a06156435f8c5475ebb0e23b14ede018) Importer(815301076,1909f56bfc062723c751e8b465ee728b)
Start importing Assets/CanonTower/Scripts/Canon.cs using Guid(a06156435f8c5475ebb0e23b14ede018) Importer(815301076,1909f56bfc062723c751e8b465ee728b)  -> (artifact id: 'e37629f65da6b03c84ed502201b97073') in 0.003748 seconds
  Import took 0.006591 seconds .

========================================================================
Received Prepare
Registering precompiled user dll's ...
Registered in 0.000454 seconds.
Begin MonoManager ReloadAssembly
Native extension for OSXStandalone target not found
Refreshing native plugins compatible for Editor in 0.29 ms, found 1 plugins.
Preloading 0 native plugins for Editor in 0.00 ms.
Invoked RoslynAnalysisRunner static constructor.
RoslynAnalysisRunner will not be running.
RoslynAnalysisRunner has terminated.
Mono: successfully reloaded assembly
- Completed reload, in  1.008 seconds
Platform modules already initialized, skipping
Switching build target platform(2) subTarget(0) extendedPlatform(0) -> platform(9) subTarget(16777218) extendedPlatform(0)
Refreshing native plugins compatible for Editor in 0.30 ms, found 1 plugins.
Preloading 0 native plugins for Editor in 0.00 ms.
Unloading 1521 Unused Serialized files (Serialized files now loaded: 0)
System memory in use before: 175.1 MB.
System memory in use after: 174.6 MB.

Unloading 20 unused Assets to reduce memory usage. Loaded Objects now: 2061.
Total: 2.205637 ms (FindLiveObjects: 0.167508 ms CreateObjectMapping: 0.049518 ms MarkObjects: 1.600466 ms  DeleteObjects: 0.387045 ms)

AssetImportParameters requested are different than current active one (requested -> active):
  custom:graphics/normal-map-encoding: 01000000000000000000000000000000 -> 02000000000000000000000000000000
========================================================================
Received Import Request.
  Time since last request: 721.456488 seconds.
  path: Assets/AssetStore/RobotSphere/Assets/Scripts/RobotTouchController.cs
  artifactKey: Guid(03934686a573e464c8bc73e5ce963af1) Importer(815301076,1909f56bfc062723c751e8b465ee728b)
Start importing Assets/AssetStore/RobotSphere/Assets/Scripts/RobotTouchController.cs using Guid(03934686a573e464c8bc73e5ce963af1) Importer(815301076,1909f56bfc062723c751e8b465ee728b)  -> (artifact id: 'e8fda857f600fbcfbc53e6ef0bbe4d1b') in 0.007675 seconds
  Import took 0.011391 seconds .

========================================================================
Received Prepare
Registering precompiled user dll's ...
Registered in 0.000414 seconds.
Begin MonoManager ReloadAssembly
Native extension for OSXStandalone target not found
Refreshing native plugins compatible for Editor in 0.27 ms, found 1 plugins.
Preloading 0 native plugins for Editor in 0.00 ms.
Invoked RoslynAnalysisRunner static constructor.
RoslynAnalysisRunner will not be running.
RoslynAnalysisRunner has terminated.
Mono: successfully reloaded assembly
- Completed reload, in  0.934 seconds
Platform modules already initialized, skipping
Switching build target platform(2) subTarget(0) extendedPlatform(0) -> platform(9) subTarget(16777218) extendedPlatform(0)
Refreshing native plugins compatible for Editor in 0.30 ms, found 1 plugins.
Preloading 0 native plugins for Editor in 0.00 ms.
Unloading 1521 Unused Serialized files (Serialized files now loaded: 0)
System memory in use before: 175.3 MB.
System memory in use after: 174.8 MB.

Unloading 20 unused Assets to reduce memory usage. Loaded Objects now: 2065.
Total: 2.305607 ms (FindLiveObjects: 0.176608 ms CreateObjectMapping: 0.050683 ms MarkObjects: 1.673926 ms  DeleteObjects: 0.403318 ms)

AssetImportParameters requested are different than current active one (requested -> active):
  custom:graphics/normal-map-encoding: 01000000000000000000000000000000 -> 02000000000000000000000000000000
========================================================================
Received Import Request.
  Time since last request: 929.840207 seconds.
  path: Assets/CanonTower/Scripts/CanonBall.cs
  artifactKey: Guid(57eb35303c5fe49cf8190321410190ec) Importer(815301076,1909f56bfc062723c751e8b465ee728b)
Start importing Assets/CanonTower/Scripts/CanonBall.cs using Guid(57eb35303c5fe49cf8190321410190ec) Importer(815301076,1909f56bfc062723c751e8b465ee728b)  -> (artifact id: 'a5b328708b5430cc0d8e00363a093f90') in 0.008617 seconds
  Import took 0.013182 seconds .

